<?xml version="1.0" encoding="utf-8"?><testsuites name="pytest tests"><testsuite name="pytest" errors="0" failures="0" skipped="0" tests="12" time="6.926" timestamp="2026-02-15T15:55:00.301024+00:00" hostname="agent-env-1311812e-4b41-406f-9dfb-c1477c934b7a"><testcase classname="backend.tests.test_approval_hierarchy.TestAdminBlockedFromCheck" name="test_admin_cannot_check_approval" time="1.255" /><testcase classname="backend.tests.test_approval_hierarchy.TestAdminBlockedFromApprove" name="test_admin_cannot_approve" time="0.409" /><testcase classname="backend.tests.test_approval_hierarchy.TestAdminCommentEndpoint" name="test_admin_can_add_comment" time="0.412" /><testcase classname="backend.tests.test_approval_hierarchy.TestAdminCommentEndpoint" name="test_non_admin_cannot_use_comment_endpoint" time="0.701" /><testcase classname="backend.tests.test_approval_hierarchy.TestCheckerActions" name="test_checker_can_access_pending_approvals" time="0.412" /><testcase classname="backend.tests.test_approval_hierarchy.TestCheckerActions" name="test_checker_cannot_approve_directly" time="0.401" /><testcase classname="backend.tests.test_approval_hierarchy.TestApproverActions" name="test_approver_can_access_checked_approvals" time="0.350" /><testcase classname="backend.tests.test_approval_hierarchy.TestApproverActions" name="test_approver_cannot_check" time="0.676" /><testcase classname="backend.tests.test_approval_hierarchy.TestApprovalQueueFiltering" name="test_admin_sees_all_approvals" time="0.364" /><testcase classname="backend.tests.test_approval_hierarchy.TestApprovalQueueFiltering" name="test_maker_cannot_access_queue" time="0.346" /><testcase classname="backend.tests.test_approval_hierarchy.TestFullApprovalWorkflow" name="test_full_workflow_vehicle_approval" time="1.137" /><testcase classname="backend.tests.test_approval_hierarchy.TestApprovalDocuments" name="test_approval_includes_documents_field" time="0.389" /></testsuite></testsuites>