<?xml version="1.0" encoding="utf-8"?><testsuites name="pytest tests"><testsuite name="pytest" errors="0" failures="0" skipped="0" tests="22" time="8.655" timestamp="2026-02-15T15:33:00.238799+00:00" hostname="agent-env-1311812e-4b41-406f-9dfb-c1477c934b7a"><testcase classname="backend.tests.test_new_features.TestMySubmissionsEndpoint" name="test_my_submissions_with_maker_auth" time="0.526" /><testcase classname="backend.tests.test_new_features.TestMySubmissionsEndpoint" name="test_my_submissions_with_admin_auth" time="0.675" /><testcase classname="backend.tests.test_new_features.TestMySubmissionsEndpoint" name="test_my_submissions_without_auth" time="0.057" /><testcase classname="backend.tests.test_new_features.TestMySubmissionsEndpoint" name="test_my_submissions_data_structure" time="0.367" /><testcase classname="backend.tests.test_new_features.TestDocumentMetadataEndpoint" name="test_create_document_metadata_as_maker" time="0.388" /><testcase classname="backend.tests.test_new_features.TestDocumentMetadataEndpoint" name="test_create_metadata_with_all_fields" time="0.334" /><testcase classname="backend.tests.test_new_features.TestDocumentMetadataEndpoint" name="test_metadata_requires_auth" time="0.059" /><testcase classname="backend.tests.test_new_features.TestDocumentMetadataEndpoint" name="test_metadata_requires_document_type" time="0.486" /><testcase classname="backend.tests.test_new_features.TestDocumentUploadEndpoint" name="test_upload_document_with_file_as_maker" time="0.405" /><testcase classname="backend.tests.test_new_features.TestDocumentUploadEndpoint" name="test_upload_invalid_file_type" time="0.517" /><testcase classname="backend.tests.test_new_features.TestGetDocumentsEndpoint" name="test_get_documents_for_entity" time="0.431" /><testcase classname="backend.tests.test_new_features.TestGetDocumentsEndpoint" name="test_get_documents_empty_entity" time="0.407" /><testcase classname="backend.tests.test_new_features.TestDriverPortal" name="test_driver_my_vehicle_endpoint" time="0.497" /><testcase classname="backend.tests.test_new_features.TestDriverPortal" name="test_driver_endpoint_non_driver_access" time="0.362" /><testcase classname="backend.tests.test_new_features.TestDriverPortal" name="test_driver_profile_endpoint" time="0.434" /><testcase classname="backend.tests.test_new_features.TestAuthAndRoles" name="test_maker_login" time="0.341" /><testcase classname="backend.tests.test_new_features.TestAuthAndRoles" name="test_admin_login" time="0.338" /><testcase classname="backend.tests.test_new_features.TestAuthAndRoles" name="test_checker_login" time="0.354" /><testcase classname="backend.tests.test_new_features.TestAuthAndRoles" name="test_approver_login" time="0.289" /><testcase classname="backend.tests.test_new_features.TestAuthAndRoles" name="test_driver_login" time="0.420" /><testcase classname="backend.tests.test_new_features.TestApprovalQueueAccess" name="test_checker_can_access_approval_queue" time="0.361" /><testcase classname="backend.tests.test_new_features.TestApprovalQueueAccess" name="test_approver_can_access_approval_queue" time="0.375" /></testsuite></testsuites>