<?xml version="1.0" encoding="utf-8"?><testsuites name="pytest tests"><testsuite name="pytest" errors="0" failures="0" skipped="1" tests="15" time="7.467" timestamp="2026-02-15T16:36:46.121611+00:00" hostname="agent-env-1311812e-4b41-406f-9dfb-c1477c934b7a"><testcase classname="backend.tests.test_profile_driver_features.TestProfileEndpoints" name="test_get_profile_returns_user_data" time="0.491" /><testcase classname="backend.tests.test_profile_driver_features.TestProfileEndpoints" name="test_get_profile_driver_returns_emp_id" time="0.421" /><testcase classname="backend.tests.test_profile_driver_features.TestProfileEndpoints" name="test_get_profile_unauthorized" time="0.163" /><testcase classname="backend.tests.test_profile_driver_features.TestProfileEditWorkflow" name="test_put_profile_creates_edit_request" time="0.438"><skipped type="pytest.skip" message="Approver already has a pending edit - skipping">/app/backend/tests/test_profile_driver_features.py:125: Approver already has a pending edit - skipping</skipped></testcase><testcase classname="backend.tests.test_profile_driver_features.TestProfileEditWorkflow" name="test_put_profile_rejects_duplicate_pending" time="0.417" /><testcase classname="backend.tests.test_profile_driver_features.TestProfileEditWorkflow" name="test_get_profile_edits_list" time="0.437" /><testcase classname="backend.tests.test_profile_driver_features.TestProfileEditWorkflow" name="test_profile_edit_approval_flow" time="0.827" /><testcase classname="backend.tests.test_profile_driver_features.TestProfilePhotoUpload" name="test_photo_upload_success" time="0.539" /><testcase classname="backend.tests.test_profile_driver_features.TestProfilePhotoUpload" name="test_photo_url_accessible" time="0.597" /><testcase classname="backend.tests.test_profile_driver_features.TestDriverCreation" name="test_create_driver_success" time="0.709" /><testcase classname="backend.tests.test_profile_driver_features.TestDriverCreation" name="test_create_driver_validation" time="0.551" /><testcase classname="backend.tests.test_profile_driver_features.TestDriverCreation" name="test_get_drivers_list" time="0.407" /><testcase classname="backend.tests.test_profile_driver_features.TestDocumentUpload" name="test_upload_driver_document" time="0.503" /><testcase classname="backend.tests.test_profile_driver_features.TestDriverPortal" name="test_driver_portal_my_vehicle" time="0.423" /><testcase classname="backend.tests.test_profile_driver_features.TestApprovalQueueWithProfileEdit" name="test_approval_queue_shows_profile_edits" time="0.450" /></testsuite></testsuites>