<?xml version="1.0" encoding="utf-8"?><testsuites name="pytest tests"><testsuite name="pytest" errors="0" failures="0" skipped="1" tests="21" time="4.641" timestamp="2026-02-15T12:07:55.611020+00:00" hostname="agent-env-ca439b41-5763-4476-a747-00945ebc6aec"><testcase classname="tests.test_fleet_api.TestHealthAndAuth" name="test_health_endpoint" time="0.125" /><testcase classname="tests.test_fleet_api.TestHealthAndAuth" name="test_admin_login_success" time="0.362" /><testcase classname="tests.test_fleet_api.TestHealthAndAuth" name="test_login_invalid_credentials" time="0.691" /><testcase classname="tests.test_fleet_api.TestDashboard" name="test_get_dashboard_stats" time="0.476" /><testcase classname="tests.test_fleet_api.TestDashboard" name="test_get_alerts" time="0.130" /><testcase classname="tests.test_fleet_api.TestUserManagement" name="test_get_users_as_admin" time="0.099" /><testcase classname="tests.test_fleet_api.TestUserManagement" name="test_create_user" time="0.349" /><testcase classname="tests.test_fleet_api.TestUserManagement" name="test_update_user" time="0.227" /><testcase classname="tests.test_fleet_api.TestVehicles" name="test_get_vehicles" time="0.111" /><testcase classname="tests.test_fleet_api.TestVehicles" name="test_get_vehicle_by_id" time="0.313" /><testcase classname="tests.test_fleet_api.TestVehicles" name="test_vehicle_filter_by_status" time="0.108" /><testcase classname="tests.test_fleet_api.TestDrivers" name="test_get_drivers" time="0.107" /><testcase classname="tests.test_fleet_api.TestDrivers" name="test_get_driver_by_id" time="0.239" /><testcase classname="tests.test_fleet_api.TestDrivers" name="test_driver_filter_by_status" time="0.105" /><testcase classname="tests.test_fleet_api.TestTenders" name="test_get_tenders" time="0.106" /><testcase classname="tests.test_fleet_api.TestTenders" name="test_get_tender_by_id" time="0.104"><skipped type="pytest.skip" message="No tenders available to test">/app/backend/tests/test_fleet_api.py:248: No tenders available to test</skipped></testcase><testcase classname="tests.test_fleet_api.TestTenders" name="test_create_tender" time="0.130" /><testcase classname="tests.test_fleet_api.TestApprovals" name="test_get_approval_queue" time="0.101" /><testcase classname="tests.test_fleet_api.TestApprovals" name="test_approval_queue_contains_entity_data" time="0.098" /><testcase classname="tests.test_fleet_api.TestPlants" name="test_get_plants" time="0.099" /><testcase classname="tests.test_fleet_api.TestRoleBasedAccess" name="test_users_endpoint_requires_admin" time="0.488" /></testsuite></testsuites>