<?xml version="1.0" encoding="utf-8"?><testsuites name="pytest tests"><testsuite name="pytest" errors="0" failures="0" skipped="0" tests="16" time="5.166" timestamp="2026-02-15T12:34:25.445691+00:00" hostname="agent-env-ca439b41-5763-4476-a747-00945ebc6aec"><testcase classname="backend.tests.test_signup_driver_portal.TestSignupRequestFlow" name="test_health_endpoint" time="0.130" /><testcase classname="backend.tests.test_signup_driver_portal.TestSignupRequestFlow" name="test_create_signup_request" time="0.358" /><testcase classname="backend.tests.test_signup_driver_portal.TestSignupRequestFlow" name="test_duplicate_signup_request_rejected" time="0.462" /><testcase classname="backend.tests.test_signup_driver_portal.TestSignupRequestFlow" name="test_signup_request_with_existing_user_email_rejected" time="0.099" /><testcase classname="backend.tests.test_signup_driver_portal.TestSignupRequestsAdmin" name="test_get_signup_requests_as_admin" time="0.434" /><testcase classname="backend.tests.test_signup_driver_portal.TestSignupRequestsAdmin" name="test_signup_requests_contain_required_fields" time="0.108" /><testcase classname="backend.tests.test_signup_driver_portal.TestSignupRequestsAdmin" name="test_get_signup_requests_unauthenticated_fails" time="0.103" /><testcase classname="backend.tests.test_signup_driver_portal.TestSignupRequestsAdmin" name="test_approve_signup_request" time="0.883" /><testcase classname="backend.tests.test_signup_driver_portal.TestSignupRequestsAdmin" name="test_reject_signup_request" time="0.530" /><testcase classname="backend.tests.test_signup_driver_portal.TestSignupRequestsAdmin" name="test_approve_with_invalid_role_fails" time="0.467" /><testcase classname="backend.tests.test_signup_driver_portal.TestDriverLogin" name="test_driver_login" time="0.337" /><testcase classname="backend.tests.test_signup_driver_portal.TestDriverPortal" name="test_driver_portal_my_vehicle_requires_driver_role" time="0.097" /><testcase classname="backend.tests.test_signup_driver_portal.TestDriverPortal" name="test_driver_profile_requires_driver_role" time="0.127" /><testcase classname="backend.tests.test_signup_driver_portal.TestDriverPortal" name="test_driver_portal_with_driver_role" time="0.473" /><testcase classname="backend.tests.test_signup_driver_portal.TestAuthenticationFlow" name="test_admin_login_success" time="0.331" /><testcase classname="backend.tests.test_signup_driver_portal.TestAuthenticationFlow" name="test_get_me_endpoint" time="0.109" /></testsuite></testsuites>